<?xml version="1.0" encoding="UTF-8"?>
<!-- Generated by org.testng.reporters.JUnitReportReporter -->
<testsuite hostname="Tom" failures="0" tests="1" name="testCases.Login_Test" time="23.928" errors="0" timestamp="2023-12-06T15:11:40 IST" skipped="0">
  <testcase classname="testCases.Login_Test" name="logintest" time="23.928"/>
  <system-out/>
</testsuite> <!-- testCases.Login_Test -->
