<?xml version="1.0" encoding="UTF-8"?>
<!-- Generated by org.testng.reporters.JUnitReportReporter -->
<testsuite hostname="VDC1ODCD200101" failures="0" tests="1" name="testCases.Login_Test" time="18.447" errors="0" timestamp="2023-12-06T02:43:31 IST" skipped="0">
  <testcase classname="testCases.Login_Test" name="logintest" time="18.447"/>
</testsuite> <!-- testCases.Login_Test -->
