<?xml version="1.0" encoding="UTF-8"?>
<!-- Generated by org.testng.reporters.JUnitReportReporter -->
<testsuite hostname="VDC1ODCD200101" failures="0" tests="1" name="testCases.HoemPage_Test" time="12.174" errors="0" timestamp="2023-12-06T14:02:42 IST" skipped="0">
  <testcase classname="testCases.HoemPage_Test" name="verifyuserlabel" time="12.174"/>
</testsuite> <!-- testCases.HoemPage_Test -->
